<!DOCTYPE html PUBLIC "-//W3C//DTD XHTML 1.1//EN" "https://www.w3.org/TR/xhtml11/DTD/xhtml11.dtd">
<html xmlns="https://www.w3.org/1999/xhtml">
<head>
<meta http-equiv="content-type" content="text/html; charset=UTF-8"/>
<title>TestNG Report</title>
<style type="text/css">table {margin-bottom:10px;border-collapse:collapse;empty-cells:show}th,td {border:1px solid #009;padding:.25em .5em}th {vertical-align:bottom}td {vertical-align:top}table a {font-weight:bold}.stripe td {background-color: #E6EBF9}.num {text-align:right}.passedodd td {background-color: #3F3}.passedeven td {background-color: #0A0}.skippedodd td {background-color: #DDD}.skippedeven td {background-color: #CCC}.failedodd td,.attn {background-color: #F33}.failedeven td,.stripe .attn {background-color: #D00}.stacktrace {white-space:pre;font-family:monospace}.totop {font-size:85%;text-align:center;border-bottom:2px solid #000}.invisible {display:none}</style>
</head>
<body>
<table>
<tr><th>Test</th><th># Passed</th><th># Skipped</th><th># Retried</th><th># Failed</th><th>Time (ms)</th><th>Included Groups</th><th>Excluded Groups</th></tr>
<tr><th colspan="8">SeleniumTestNGProject</th></tr>
<tr><td><a href="#t0">testngTest</a></td><td class="num">12</td><td class="num">0</td><td class="num">0</td><td class="num attn">5</td><td class="num">59,286</td><td></td><td></td></tr>
</table>
<table id='summary'><thead><tr><th>Class</th><th>Method</th><th>Start</th><th>Time (ms)</th></tr></thead><tbody><tr><th colspan="4">SeleniumTestNGProject</th></tr></tbody><tbody id="t0"><tr><th colspan="4">testngTest &#8212; failed</th></tr><tr class="failedeven"><td rowspan="1">SeleniumProject.SeleniumActivities_Activity5</td><td><a href="#m0">editUserInfor</a></td><td rowspan="1">1705821396038</td><td rowspan="1">789</td></tr><tr class="failedodd"><td rowspan="1">SeleniumProject.SeleniumActivities_Activity6</td><td><a href="#m1">verfydirectorymenu</a></td><td rowspan="1">1705821401829</td><td rowspan="1">911</td></tr><tr class="failedeven"><td rowspan="1">SeleniumProject.SeleniumActivities_Activity7</td><td><a href="#m2">addQualificaions</a></td><td rowspan="1">1705821407310</td><td rowspan="1">823</td></tr><tr class="failedodd"><td rowspan="1">SeleniumProject.SeleniumActivities_Activity8</td><td><a href="#m3">checkLeaveStatus</a></td><td rowspan="1">1705821414762</td><td rowspan="1">325</td></tr><tr class="failedeven"><td rowspan="1">SeleniumProject.SeleniumActivities_Activity9</td><td><a href="#m4">retriveEmergencyContacts</a></td><td rowspan="1">1705821419678</td><td rowspan="1">794</td></tr><tr><th colspan="4">testngTest &#8212; passed</th></tr><tr class="passedeven"><td rowspan="1">SeleniumProject.SeleniumActivites_Activity1</td><td><a href="#m5">verifywebsitetitle</a></td><td rowspan="1">1705821373322</td><td rowspan="1">23</td></tr><tr class="passedodd"><td rowspan="1">SeleniumProject.SeleniumActivities_Activity2</td><td><a href="#m6">urlOfHeaderImage</a></td><td rowspan="1">1705821377278</td><td rowspan="1">50</td></tr><tr class="passedeven"><td rowspan="1">SeleniumProject.SeleniumActivities_Activity3</td><td><a href="#m7">Loginandverifyhomepage</a></td><td rowspan="1">1705821381108</td><td rowspan="1">962</td></tr><tr class="passedodd"><td rowspan="3">SeleniumProject.SeleniumActivities_Activity4</td><td><a href="#m8">Loginandverifyhomepage</a></td><td rowspan="1">1705821386091</td><td rowspan="1">932</td></tr><tr class="passedodd"><td><a href="#m9">addEmployee</a></td><td rowspan="1">1705821387024</td><td rowspan="1">3184</td></tr><tr class="passedodd"><td><a href="#m10">searchAddedEmployee</a></td><td rowspan="1">1705821390208</td><td rowspan="1">957</td></tr><tr class="passedeven"><td rowspan="1">SeleniumProject.SeleniumActivities_Activity5</td><td><a href="#m11">Loginandverifyhomepage</a></td><td rowspan="1">1705821395159</td><td rowspan="1">879</td></tr><tr class="passedodd"><td rowspan="1">SeleniumProject.SeleniumActivities_Activity6</td><td><a href="#m12">Loginandverifyhomepage</a></td><td rowspan="1">1705821400939</td><td rowspan="1">890</td></tr><tr class="passedeven"><td rowspan="1">SeleniumProject.SeleniumActivities_Activity7</td><td><a href="#m13">Loginandverifyhomepage</a></td><td rowspan="1">1705821406388</td><td rowspan="1">921</td></tr><tr class="passedodd"><td rowspan="2">SeleniumProject.SeleniumActivities_Activity8</td><td><a href="#m14">Loginandverifyhomepage</a></td><td rowspan="1">1705821411849</td><td rowspan="1">950</td></tr><tr class="passedodd"><td><a href="#m15">applyingForLeave</a></td><td rowspan="1">1705821412799</td><td rowspan="1">1963</td></tr><tr class="passedeven"><td rowspan="1">SeleniumProject.SeleniumActivities_Activity9</td><td><a href="#m16">Loginandverifyhomepage</a></td><td rowspan="1">1705821418790</td><td rowspan="1">887</td></tr></tbody>
</table>
<h2>testngTest</h2><h3 id="m0">SeleniumProject.SeleniumActivities_Activity5#editUserInfor</h3><table class="result"><tr><th>Exception</th></tr><tr><td><div class="stacktrace">org.openqa.selenium.NoSuchElementException: Unable to locate element: #btnSave
For documentation on this error, please visit: https://www.selenium.dev/documentation/webdriver/troubleshooting/errors#no-such-element-exception
Build info: version: &apos;4.16.0&apos;, revision: &apos;15400459dd*&apos;
System info: os.name: &apos;Windows 10&apos;, os.arch: &apos;amd64&apos;, os.version: &apos;10.0&apos;, java.version: &apos;16.0.2&apos;
Driver info: org.openqa.selenium.firefox.FirefoxDriver
Command: [0d443771-04cd-47af-aad9-6d9925cc567c, findElement {using=id, value=btnSave}]
Capabilities {acceptInsecureCerts: true, browserName: firefox, browserVersion: 121.0.1, moz:accessibilityChecks: false, moz:buildID: 20240108143603, moz:debuggerAddress: 127.0.0.1:8992, moz:geckodriverVersion: 0.33.0, moz:headless: false, moz:platformVersion: 10.0, moz:processID: 15188, moz:profile: C:\Users\003QHS~1\AppData\L..., moz:shutdownTimeout: 60000, moz:webdriverClick: true, moz:windowless: false, pageLoadStrategy: normal, platformName: windows, proxy: Proxy(), se:cdp: ws://127.0.0.1:8992/devtool..., se:cdpVersion: 85.0, setWindowRect: true, strictFileInteractability: false, timeouts: {implicit: 0, pageLoad: 300000, script: 30000}, unhandledPromptBehavior: dismiss and notify}
Session ID: 0d443771-04cd-47af-aad9-6d9925cc567c
	at org.openqa.selenium.remote.codec.w3c.W3CHttpResponseCodec.createException(W3CHttpResponseCodec.java:200)
	at org.openqa.selenium.remote.codec.w3c.W3CHttpResponseCodec.decode(W3CHttpResponseCodec.java:133)
	at org.openqa.selenium.remote.codec.w3c.W3CHttpResponseCodec.decode(W3CHttpResponseCodec.java:52)
	at org.openqa.selenium.remote.HttpCommandExecutor.execute(HttpCommandExecutor.java:191)
	at org.openqa.selenium.remote.service.DriverCommandExecutor.invokeExecute(DriverCommandExecutor.java:200)
	at org.openqa.selenium.remote.service.DriverCommandExecutor.execute(DriverCommandExecutor.java:175)
	at org.openqa.selenium.remote.RemoteWebDriver.execute(RemoteWebDriver.java:523)
	at org.openqa.selenium.remote.ElementLocation$ElementFinder$2.findElement(ElementLocation.java:165)
	at org.openqa.selenium.remote.ElementLocation.findElement(ElementLocation.java:59)
	at org.openqa.selenium.remote.RemoteWebDriver.findElement(RemoteWebDriver.java:360)
	at org.openqa.selenium.remote.RemoteWebDriver.findElement(RemoteWebDriver.java:354)
	at SeleniumProject.SeleniumActivities_Activity5.editUserInfor(SeleniumActivities_Activity5.java:14)
	at java.base/java.util.ArrayList.forEach(ArrayList.java:1511)
	at com.intellij.rt.testng.IDEARemoteTestNG.run(IDEARemoteTestNG.java:65)
	at com.intellij.rt.testng.RemoteTestNGStarter.main(RemoteTestNGStarter.java:105)
... Removed 29 stack frames</div></td></tr></table><p class="totop"><a href="#summary">back to summary</a></p>
<h3 id="m1">SeleniumProject.SeleniumActivities_Activity6#verfydirectorymenu</h3><table class="result"><tr><th>Exception</th></tr><tr><td><div class="stacktrace">java.lang.AssertionError: expected [Search Directory] but found [Admin
PIM
Leave
Time
Recruitment
My Info
Performance
Dashboard
Directory
Maintenance]
	at SeleniumProject.SeleniumActivities_Activity6.verfydirectorymenu(SeleniumActivities_Activity6.java:18)
	at java.base/java.util.ArrayList.forEach(ArrayList.java:1511)
	at com.intellij.rt.testng.IDEARemoteTestNG.run(IDEARemoteTestNG.java:65)
	at com.intellij.rt.testng.RemoteTestNGStarter.main(RemoteTestNGStarter.java:105)
... Removed 30 stack frames</div></td></tr></table><p class="totop"><a href="#summary">back to summary</a></p>
<h3 id="m2">SeleniumProject.SeleniumActivities_Activity7#addQualificaions</h3><table class="result"><tr><th>Exception</th></tr><tr><td><div class="stacktrace">org.openqa.selenium.NoSuchElementException: Unable to locate element: Qualifications
For documentation on this error, please visit: https://www.selenium.dev/documentation/webdriver/troubleshooting/errors#no-such-element-exception
Build info: version: &apos;4.16.0&apos;, revision: &apos;15400459dd*&apos;
System info: os.name: &apos;Windows 10&apos;, os.arch: &apos;amd64&apos;, os.version: &apos;10.0&apos;, java.version: &apos;16.0.2&apos;
Driver info: org.openqa.selenium.firefox.FirefoxDriver
Command: [f39e5f1b-ec85-4a7f-b7eb-b062f05c5b6b, findElement {using=link text, value=Qualifications}]
Capabilities {acceptInsecureCerts: true, browserName: firefox, browserVersion: 121.0.1, moz:accessibilityChecks: false, moz:buildID: 20240108143603, moz:debuggerAddress: 127.0.0.1:6105, moz:geckodriverVersion: 0.33.0, moz:headless: false, moz:platformVersion: 10.0, moz:processID: 14676, moz:profile: C:\Users\003QHS~1\AppData\L..., moz:shutdownTimeout: 60000, moz:webdriverClick: true, moz:windowless: false, pageLoadStrategy: normal, platformName: windows, proxy: Proxy(), se:cdp: ws://127.0.0.1:6105/devtool..., se:cdpVersion: 85.0, setWindowRect: true, strictFileInteractability: false, timeouts: {implicit: 0, pageLoad: 300000, script: 30000}, unhandledPromptBehavior: dismiss and notify}
Session ID: f39e5f1b-ec85-4a7f-b7eb-b062f05c5b6b
	at org.openqa.selenium.remote.codec.w3c.W3CHttpResponseCodec.createException(W3CHttpResponseCodec.java:200)
	at org.openqa.selenium.remote.codec.w3c.W3CHttpResponseCodec.decode(W3CHttpResponseCodec.java:133)
	at org.openqa.selenium.remote.codec.w3c.W3CHttpResponseCodec.decode(W3CHttpResponseCodec.java:52)
	at org.openqa.selenium.remote.HttpCommandExecutor.execute(HttpCommandExecutor.java:191)
	at org.openqa.selenium.remote.service.DriverCommandExecutor.invokeExecute(DriverCommandExecutor.java:200)
	at org.openqa.selenium.remote.service.DriverCommandExecutor.execute(DriverCommandExecutor.java:175)
	at org.openqa.selenium.remote.RemoteWebDriver.execute(RemoteWebDriver.java:523)
	at org.openqa.selenium.remote.ElementLocation$ElementFinder$2.findElement(ElementLocation.java:165)
	at org.openqa.selenium.remote.ElementLocation.findElement(ElementLocation.java:59)
	at org.openqa.selenium.remote.RemoteWebDriver.findElement(RemoteWebDriver.java:360)
	at org.openqa.selenium.remote.RemoteWebDriver.findElement(RemoteWebDriver.java:354)
	at SeleniumProject.SeleniumActivities_Activity7.addQualificaions(SeleniumActivities_Activity7.java:12)
	at java.base/java.util.ArrayList.forEach(ArrayList.java:1511)
	at com.intellij.rt.testng.IDEARemoteTestNG.run(IDEARemoteTestNG.java:65)
	at com.intellij.rt.testng.RemoteTestNGStarter.main(RemoteTestNGStarter.java:105)
... Removed 29 stack frames</div></td></tr></table><p class="totop"><a href="#summary">back to summary</a></p>
<h3 id="m3">SeleniumProject.SeleniumActivities_Activity8#checkLeaveStatus</h3><table class="result"><tr><th>Exception</th></tr><tr><td><div class="stacktrace">java.lang.AssertionError: expected [Pending Approval(2.00)] but found [Pending Approval(24.00)]
	at SeleniumProject.SeleniumActivities_Activity8.checkLeaveStatus(SeleniumActivities_Activity8.java:28)
	at java.base/java.util.ArrayList.forEach(ArrayList.java:1511)
	at com.intellij.rt.testng.IDEARemoteTestNG.run(IDEARemoteTestNG.java:65)
	at com.intellij.rt.testng.RemoteTestNGStarter.main(RemoteTestNGStarter.java:105)
... Removed 30 stack frames</div></td></tr></table><p class="totop"><a href="#summary">back to summary</a></p>
<h3 id="m4">SeleniumProject.SeleniumActivities_Activity9#retriveEmergencyContacts</h3><table class="result"><tr><th>Exception</th></tr><tr><td><div class="stacktrace">org.openqa.selenium.NoSuchElementException: Unable to locate element: #sidenav
For documentation on this error, please visit: https://www.selenium.dev/documentation/webdriver/troubleshooting/errors#no-such-element-exception
Build info: version: &apos;4.16.0&apos;, revision: &apos;15400459dd*&apos;
System info: os.name: &apos;Windows 10&apos;, os.arch: &apos;amd64&apos;, os.version: &apos;10.0&apos;, java.version: &apos;16.0.2&apos;
Driver info: org.openqa.selenium.firefox.FirefoxDriver
Command: [07a40fe7-6899-4cd8-8363-64ec6e539c16, findElement {using=id, value=sidenav}]
Capabilities {acceptInsecureCerts: true, browserName: firefox, browserVersion: 121.0.1, moz:accessibilityChecks: false, moz:buildID: 20240108143603, moz:debuggerAddress: 127.0.0.1:22459, moz:geckodriverVersion: 0.33.0, moz:headless: false, moz:platformVersion: 10.0, moz:processID: 18876, moz:profile: C:\Users\003QHS~1\AppData\L..., moz:shutdownTimeout: 60000, moz:webdriverClick: true, moz:windowless: false, pageLoadStrategy: normal, platformName: windows, proxy: Proxy(), se:cdp: ws://127.0.0.1:22459/devtoo..., se:cdpVersion: 85.0, setWindowRect: true, strictFileInteractability: false, timeouts: {implicit: 0, pageLoad: 300000, script: 30000}, unhandledPromptBehavior: dismiss and notify}
Session ID: 07a40fe7-6899-4cd8-8363-64ec6e539c16
	at org.openqa.selenium.remote.codec.w3c.W3CHttpResponseCodec.createException(W3CHttpResponseCodec.java:200)
	at org.openqa.selenium.remote.codec.w3c.W3CHttpResponseCodec.decode(W3CHttpResponseCodec.java:133)
	at org.openqa.selenium.remote.codec.w3c.W3CHttpResponseCodec.decode(W3CHttpResponseCodec.java:52)
	at org.openqa.selenium.remote.HttpCommandExecutor.execute(HttpCommandExecutor.java:191)
	at org.openqa.selenium.remote.service.DriverCommandExecutor.invokeExecute(DriverCommandExecutor.java:200)
	at org.openqa.selenium.remote.service.DriverCommandExecutor.execute(DriverCommandExecutor.java:175)
	at org.openqa.selenium.remote.RemoteWebDriver.execute(RemoteWebDriver.java:523)
	at org.openqa.selenium.remote.ElementLocation$ElementFinder$2.findElement(ElementLocation.java:165)
	at org.openqa.selenium.remote.ElementLocation.findElement(ElementLocation.java:59)
	at org.openqa.selenium.remote.RemoteWebDriver.findElement(RemoteWebDriver.java:360)
	at org.openqa.selenium.remote.RemoteWebDriver.findElement(RemoteWebDriver.java:354)
	at SeleniumProject.SeleniumActivities_Activity9.retriveEmergencyContacts(SeleniumActivities_Activity9.java:15)
	at java.base/java.util.ArrayList.forEach(ArrayList.java:1511)
	at com.intellij.rt.testng.IDEARemoteTestNG.run(IDEARemoteTestNG.java:65)
	at com.intellij.rt.testng.RemoteTestNGStarter.main(RemoteTestNGStarter.java:105)
... Removed 29 stack frames</div></td></tr></table><p class="totop"><a href="#summary">back to summary</a></p>
<h3 id="m5">SeleniumProject.SeleniumActivites_Activity1#verifywebsitetitle</h3><table class="result"><tr><th class="invisible"/></tr></table><p class="totop"><a href="#summary">back to summary</a></p>
<h3 id="m6">SeleniumProject.SeleniumActivities_Activity2#urlOfHeaderImage</h3><table class="result"><tr><th class="invisible"/></tr></table><p class="totop"><a href="#summary">back to summary</a></p>
<h3 id="m7">SeleniumProject.SeleniumActivities_Activity3#Loginandverifyhomepage</h3><table class="result"><tr><th class="invisible"/></tr></table><p class="totop"><a href="#summary">back to summary</a></p>
<h3 id="m8">SeleniumProject.SeleniumActivities_Activity4#Loginandverifyhomepage</h3><table class="result"><tr><th class="invisible"/></tr></table><p class="totop"><a href="#summary">back to summary</a></p>
<h3 id="m9">SeleniumProject.SeleniumActivities_Activity4#addEmployee</h3><table class="result"><tr><th class="invisible"/></tr></table><p class="totop"><a href="#summary">back to summary</a></p>
<h3 id="m10">SeleniumProject.SeleniumActivities_Activity4#searchAddedEmployee</h3><table class="result"><tr><th class="invisible"/></tr></table><p class="totop"><a href="#summary">back to summary</a></p>
<h3 id="m11">SeleniumProject.SeleniumActivities_Activity5#Loginandverifyhomepage</h3><table class="result"><tr><th class="invisible"/></tr></table><p class="totop"><a href="#summary">back to summary</a></p>
<h3 id="m12">SeleniumProject.SeleniumActivities_Activity6#Loginandverifyhomepage</h3><table class="result"><tr><th class="invisible"/></tr></table><p class="totop"><a href="#summary">back to summary</a></p>
<h3 id="m13">SeleniumProject.SeleniumActivities_Activity7#Loginandverifyhomepage</h3><table class="result"><tr><th class="invisible"/></tr></table><p class="totop"><a href="#summary">back to summary</a></p>
<h3 id="m14">SeleniumProject.SeleniumActivities_Activity8#Loginandverifyhomepage</h3><table class="result"><tr><th class="invisible"/></tr></table><p class="totop"><a href="#summary">back to summary</a></p>
<h3 id="m15">SeleniumProject.SeleniumActivities_Activity8#applyingForLeave</h3><table class="result"><tr><th class="invisible"/></tr></table><p class="totop"><a href="#summary">back to summary</a></p>
<h3 id="m16">SeleniumProject.SeleniumActivities_Activity9#Loginandverifyhomepage</h3><table class="result"><tr><th class="invisible"/></tr></table><p class="totop"><a href="#summary">back to summary</a></p>
</body>
</html>
