<!DOCTYPE html>

<html>
  <head>
  <meta charset='utf-8'>
  <title>TestNG reports</title>

    <link type="text/css" href="testng-reports1.css" rel="stylesheet" id="ultra" />
    <link type="text/css" href="testng-reports.css" rel="stylesheet" id="retro" disabled="false"/>
    <script type="text/javascript" src="jquery-3.6.0.min.js"></script>
    <script type="text/javascript" src="testng-reports.js"></script>
    <script type="text/javascript" src="https://www.google.com/jsapi"></script>
    <script type='text/javascript'>
      google.load('visualization', '1', {packages:['table']});
      google.setOnLoadCallback(drawTable);
      var suiteTableInitFunctions = new Array();
      var suiteTableData = new Array();
    </script>
    <!--
      <script type="text/javascript" src="jquery-ui/js/jquery-ui-1.8.16.custom.min.js"></script>
     -->
  </head>

  <body>    <div class="top-banner-root">
      <span class="top-banner-title-font">Test results</span>
      <button id="button" class="button">Switch Retro Theme</button> <!-- button -->
      <br/>
      <span class="top-banner-font-1">1 suite, 5 failed tests</span>
    </div> <!-- top-banner-root -->
    <div class="navigator-root">
      <div class="navigator-suite-header">
        <span>All suites</span>
        <a href="#" title="Collapse/expand all the suites" class="collapse-all-link">
          <img src="collapseall.gif" class="collapse-all-icon">
          </img> <!-- collapse-all-icon -->
        </a> <!-- collapse-all-link -->
      </div> <!-- navigator-suite-header -->
      <div class="suite">
        <div class="rounded-window">
          <div class="suite-header light-rounded-window-top">
            <a href="#" panel-name="suite-SeleniumTestNGProject" class="navigator-link">
              <span class="suite-name border-failed">SeleniumTestNGProject</span>
            </a> <!-- navigator-link -->
          </div> <!-- suite-header light-rounded-window-top -->
          <div class="navigator-suite-content">
            <div class="suite-section-title">
              <span>Info</span>
            </div> <!-- suite-section-title -->
            <div class="suite-section-content">
              <ul>
                <li>
                  <a href="#" panel-name="test-xml-SeleniumTestNGProject" class="navigator-link ">
                    <span>C:\Users\003QHS744\IdeaProjects\FST_TestNG\src\test\java\testng.xml</span>
                  </a> <!-- navigator-link  -->
                </li>
                <li>
                  <a href="#" panel-name="testlist-SeleniumTestNGProject" class="navigator-link ">
                    <span class="test-stats">1 test</span>
                  </a> <!-- navigator-link  -->
                </li>
                <li>
                  <a href="#" panel-name="group-SeleniumTestNGProject" class="navigator-link ">
                    <span>0 groups</span>
                  </a> <!-- navigator-link  -->
                </li>
                <li>
                  <a href="#" panel-name="times-SeleniumTestNGProject" class="navigator-link ">
                    <span>Times</span>
                  </a> <!-- navigator-link  -->
                </li>
                <li>
                  <a href="#" panel-name="reporter-SeleniumTestNGProject" class="navigator-link ">
                    <span>Reporter output</span>
                  </a> <!-- navigator-link  -->
                </li>
                <li>
                  <a href="#" panel-name="ignored-methods-SeleniumTestNGProject" class="navigator-link ">
                    <span>Ignored methods</span>
                  </a> <!-- navigator-link  -->
                </li>
                <li>
                  <a href="#" panel-name="chronological-SeleniumTestNGProject" class="navigator-link ">
                    <span>Chronological view</span>
                  </a> <!-- navigator-link  -->
                </li>
              </ul>
            </div> <!-- suite-section-content -->
            <div class="result-section">
              <div class="suite-section-title">
                <span>Results</span>
              </div> <!-- suite-section-title -->
              <div class="suite-section-content">
                <ul>
                  <li>
                    <span class="method-stats">17 methods, 5 failed,   12 passed</span>
                  </li>
                  <li>
                    <span class="method-list-title failed">Failed methods</span>
                    <span class="show-or-hide-methods failed">
                      <a href="#" panel-name="suite-SeleniumTestNGProject" class="hide-methods failed suite-SeleniumTestNGProject"> (hide)</a> <!-- hide-methods failed suite-SeleniumTestNGProject -->
                      <a href="#" panel-name="suite-SeleniumTestNGProject" class="show-methods failed suite-SeleniumTestNGProject"> (show)</a> <!-- show-methods failed suite-SeleniumTestNGProject -->
                    </span>
                    <div class="method-list-content failed suite-SeleniumTestNGProject">
                      <span>
                        <img src="failed.png" width="3%"/>
                        <a href="#" panel-name="suite-SeleniumTestNGProject" title="SeleniumProject.SeleniumActivities_Activity7" class="method navigator-link" hash-for-method="addQualificaions">addQualificaions</a> <!-- method navigator-link -->
                      </span>
                      <br/>
                      <span>
                        <img src="failed.png" width="3%"/>
                        <a href="#" panel-name="suite-SeleniumTestNGProject" title="SeleniumProject.SeleniumActivities_Activity8" class="method navigator-link" hash-for-method="checkLeaveStatus">checkLeaveStatus</a> <!-- method navigator-link -->
                      </span>
                      <br/>
                      <span>
                        <img src="failed.png" width="3%"/>
                        <a href="#" panel-name="suite-SeleniumTestNGProject" title="SeleniumProject.SeleniumActivities_Activity5" class="method navigator-link" hash-for-method="editUserInfor">editUserInfor</a> <!-- method navigator-link -->
                      </span>
                      <br/>
                      <span>
                        <img src="failed.png" width="3%"/>
                        <a href="#" panel-name="suite-SeleniumTestNGProject" title="SeleniumProject.SeleniumActivities_Activity9" class="method navigator-link" hash-for-method="retriveEmergencyContacts">retriveEmergencyContacts</a> <!-- method navigator-link -->
                      </span>
                      <br/>
                      <span>
                        <img src="failed.png" width="3%"/>
                        <a href="#" panel-name="suite-SeleniumTestNGProject" title="SeleniumProject.SeleniumActivities_Activity6" class="method navigator-link" hash-for-method="verfydirectorymenu">verfydirectorymenu</a> <!-- method navigator-link -->
                      </span>
                      <br/>
                    </div> <!-- method-list-content failed suite-SeleniumTestNGProject -->
                  </li>
                  <li>
                    <span class="method-list-title passed">Passed methods</span>
                    <span class="show-or-hide-methods passed">
                      <a href="#" panel-name="suite-SeleniumTestNGProject" class="hide-methods passed suite-SeleniumTestNGProject"> (hide)</a> <!-- hide-methods passed suite-SeleniumTestNGProject -->
                      <a href="#" panel-name="suite-SeleniumTestNGProject" class="show-methods passed suite-SeleniumTestNGProject"> (show)</a> <!-- show-methods passed suite-SeleniumTestNGProject -->
                    </span>
                    <div class="method-list-content passed suite-SeleniumTestNGProject">
                      <span>
                        <img src="passed.png" width="3%"/>
                        <a href="#" panel-name="suite-SeleniumTestNGProject" title="SeleniumProject.SeleniumActivities_Activity4" class="method navigator-link" hash-for-method="Loginandverifyhomepage">Loginandverifyhomepage</a> <!-- method navigator-link -->
                      </span>
                      <br/>
                      <span>
                        <img src="passed.png" width="3%"/>
                        <a href="#" panel-name="suite-SeleniumTestNGProject" title="SeleniumProject.SeleniumActivities_Activity6" class="method navigator-link" hash-for-method="Loginandverifyhomepage">Loginandverifyhomepage</a> <!-- method navigator-link -->
                      </span>
                      <br/>
                      <span>
                        <img src="passed.png" width="3%"/>
                        <a href="#" panel-name="suite-SeleniumTestNGProject" title="SeleniumProject.SeleniumActivities_Activity9" class="method navigator-link" hash-for-method="Loginandverifyhomepage">Loginandverifyhomepage</a> <!-- method navigator-link -->
                      </span>
                      <br/>
                      <span>
                        <img src="passed.png" width="3%"/>
                        <a href="#" panel-name="suite-SeleniumTestNGProject" title="SeleniumProject.SeleniumActivities_Activity7" class="method navigator-link" hash-for-method="Loginandverifyhomepage">Loginandverifyhomepage</a> <!-- method navigator-link -->
                      </span>
                      <br/>
                      <span>
                        <img src="passed.png" width="3%"/>
                        <a href="#" panel-name="suite-SeleniumTestNGProject" title="SeleniumProject.SeleniumActivities_Activity5" class="method navigator-link" hash-for-method="Loginandverifyhomepage">Loginandverifyhomepage</a> <!-- method navigator-link -->
                      </span>
                      <br/>
                      <span>
                        <img src="passed.png" width="3%"/>
                        <a href="#" panel-name="suite-SeleniumTestNGProject" title="SeleniumProject.SeleniumActivities_Activity3" class="method navigator-link" hash-for-method="Loginandverifyhomepage">Loginandverifyhomepage</a> <!-- method navigator-link -->
                      </span>
                      <br/>
                      <span>
                        <img src="passed.png" width="3%"/>
                        <a href="#" panel-name="suite-SeleniumTestNGProject" title="SeleniumProject.SeleniumActivities_Activity8" class="method navigator-link" hash-for-method="Loginandverifyhomepage">Loginandverifyhomepage</a> <!-- method navigator-link -->
                      </span>
                      <br/>
                      <span>
                        <img src="passed.png" width="3%"/>
                        <a href="#" panel-name="suite-SeleniumTestNGProject" title="SeleniumProject.SeleniumActivities_Activity4" class="method navigator-link" hash-for-method="addEmployee">addEmployee</a> <!-- method navigator-link -->
                      </span>
                      <br/>
                      <span>
                        <img src="passed.png" width="3%"/>
                        <a href="#" panel-name="suite-SeleniumTestNGProject" title="SeleniumProject.SeleniumActivities_Activity8" class="method navigator-link" hash-for-method="applyingForLeave">applyingForLeave</a> <!-- method navigator-link -->
                      </span>
                      <br/>
                      <span>
                        <img src="passed.png" width="3%"/>
                        <a href="#" panel-name="suite-SeleniumTestNGProject" title="SeleniumProject.SeleniumActivities_Activity4" class="method navigator-link" hash-for-method="searchAddedEmployee">searchAddedEmployee</a> <!-- method navigator-link -->
                      </span>
                      <br/>
                      <span>
                        <img src="passed.png" width="3%"/>
                        <a href="#" panel-name="suite-SeleniumTestNGProject" title="SeleniumProject.SeleniumActivities_Activity2" class="method navigator-link" hash-for-method="urlOfHeaderImage">urlOfHeaderImage</a> <!-- method navigator-link -->
                      </span>
                      <br/>
                      <span>
                        <img src="passed.png" width="3%"/>
                        <a href="#" panel-name="suite-SeleniumTestNGProject" title="SeleniumProject.SeleniumActivites_Activity1" class="method navigator-link" hash-for-method="verifywebsitetitle">verifywebsitetitle</a> <!-- method navigator-link -->
                      </span>
                      <br/>
                    </div> <!-- method-list-content passed suite-SeleniumTestNGProject -->
                  </li>
                </ul>
              </div> <!-- suite-section-content -->
            </div> <!-- result-section -->
          </div> <!-- navigator-suite-content -->
        </div> <!-- rounded-window -->
      </div> <!-- suite -->
    </div> <!-- navigator-root -->
    <div class="wrapper">
      <div class="main-panel-root">
        <div panel-name="suite-SeleniumTestNGProject" class="panel SeleniumTestNGProject">
          <div class="suite-SeleniumTestNGProject-class-failed">
            <div class="main-panel-header rounded-window-top">
              <img src="failed.png"/>
              <span class="class-name">SeleniumProject.SeleniumActivities_Activity8</span>
            </div> <!-- main-panel-header rounded-window-top -->
            <div class="main-panel-content rounded-window-bottom">
              <div class="method">
                <div class="method-content">
                  <a name="checkLeaveStatus">
                  </a> <!-- checkLeaveStatus -->
                  <span class="method-name">checkLeaveStatus</span>
                  <div class="stack-trace">java.lang.AssertionError: expected [Pending Approval(2.00)] but found [Pending Approval(24.00)]
	at SeleniumProject.SeleniumActivities_Activity8.checkLeaveStatus(SeleniumActivities_Activity8.java:28)
	at java.base/java.util.ArrayList.forEach(ArrayList.java:1511)
	at com.intellij.rt.testng.IDEARemoteTestNG.run(IDEARemoteTestNG.java:65)
	at com.intellij.rt.testng.RemoteTestNGStarter.main(RemoteTestNGStarter.java:105)
... Removed 30 stack frames
</div> <!-- stack-trace -->
                </div> <!-- method-content -->
              </div> <!-- method -->
            </div> <!-- main-panel-content rounded-window-bottom -->
          </div> <!-- suite-SeleniumTestNGProject-class-failed -->
          <div class="suite-SeleniumTestNGProject-class-failed">
            <div class="main-panel-header rounded-window-top">
              <img src="failed.png"/>
              <span class="class-name">SeleniumProject.SeleniumActivities_Activity5</span>
            </div> <!-- main-panel-header rounded-window-top -->
            <div class="main-panel-content rounded-window-bottom">
              <div class="method">
                <div class="method-content">
                  <a name="editUserInfor">
                  </a> <!-- editUserInfor -->
                  <span class="method-name">editUserInfor</span>
                  <div class="stack-trace">org.openqa.selenium.NoSuchElementException: Unable to locate element: #btnSave
For documentation on this error, please visit: https://www.selenium.dev/documentation/webdriver/troubleshooting/errors#no-such-element-exception
Build info: version: &apos;4.16.0&apos;, revision: &apos;15400459dd*&apos;
System info: os.name: &apos;Windows 10&apos;, os.arch: &apos;amd64&apos;, os.version: &apos;10.0&apos;, java.version: &apos;16.0.2&apos;
Driver info: org.openqa.selenium.firefox.FirefoxDriver
Command: [0d443771-04cd-47af-aad9-6d9925cc567c, findElement {using=id, value=btnSave}]
Capabilities {acceptInsecureCerts: true, browserName: firefox, browserVersion: 121.0.1, moz:accessibilityChecks: false, moz:buildID: 20240108143603, moz:debuggerAddress: 127.0.0.1:8992, moz:geckodriverVersion: 0.33.0, moz:headless: false, moz:platformVersion: 10.0, moz:processID: 15188, moz:profile: C:\Users\003QHS~1\AppData\L..., moz:shutdownTimeout: 60000, moz:webdriverClick: true, moz:windowless: false, pageLoadStrategy: normal, platformName: windows, proxy: Proxy(), se:cdp: ws://127.0.0.1:8992/devtool..., se:cdpVersion: 85.0, setWindowRect: true, strictFileInteractability: false, timeouts: {implicit: 0, pageLoad: 300000, script: 30000}, unhandledPromptBehavior: dismiss and notify}
Session ID: 0d443771-04cd-47af-aad9-6d9925cc567c
	at org.openqa.selenium.remote.codec.w3c.W3CHttpResponseCodec.createException(W3CHttpResponseCodec.java:200)
	at org.openqa.selenium.remote.codec.w3c.W3CHttpResponseCodec.decode(W3CHttpResponseCodec.java:133)
	at org.openqa.selenium.remote.codec.w3c.W3CHttpResponseCodec.decode(W3CHttpResponseCodec.java:52)
	at org.openqa.selenium.remote.HttpCommandExecutor.execute(HttpCommandExecutor.java:191)
	at org.openqa.selenium.remote.service.DriverCommandExecutor.invokeExecute(DriverCommandExecutor.java:200)
	at org.openqa.selenium.remote.service.DriverCommandExecutor.execute(DriverCommandExecutor.java:175)
	at org.openqa.selenium.remote.RemoteWebDriver.execute(RemoteWebDriver.java:523)
	at org.openqa.selenium.remote.ElementLocation$ElementFinder$2.findElement(ElementLocation.java:165)
	at org.openqa.selenium.remote.ElementLocation.findElement(ElementLocation.java:59)
	at org.openqa.selenium.remote.RemoteWebDriver.findElement(RemoteWebDriver.java:360)
	at org.openqa.selenium.remote.RemoteWebDriver.findElement(RemoteWebDriver.java:354)
	at SeleniumProject.SeleniumActivities_Activity5.editUserInfor(SeleniumActivities_Activity5.java:14)
	at java.base/java.util.ArrayList.forEach(ArrayList.java:1511)
	at com.intellij.rt.testng.IDEARemoteTestNG.run(IDEARemoteTestNG.java:65)
	at com.intellij.rt.testng.RemoteTestNGStarter.main(RemoteTestNGStarter.java:105)
... Removed 29 stack frames
</div> <!-- stack-trace -->
                </div> <!-- method-content -->
              </div> <!-- method -->
            </div> <!-- main-panel-content rounded-window-bottom -->
          </div> <!-- suite-SeleniumTestNGProject-class-failed -->
          <div class="suite-SeleniumTestNGProject-class-failed">
            <div class="main-panel-header rounded-window-top">
              <img src="failed.png"/>
              <span class="class-name">SeleniumProject.SeleniumActivities_Activity7</span>
            </div> <!-- main-panel-header rounded-window-top -->
            <div class="main-panel-content rounded-window-bottom">
              <div class="method">
                <div class="method-content">
                  <a name="addQualificaions">
                  </a> <!-- addQualificaions -->
                  <span class="method-name">addQualificaions</span>
                  <div class="stack-trace">org.openqa.selenium.NoSuchElementException: Unable to locate element: Qualifications
For documentation on this error, please visit: https://www.selenium.dev/documentation/webdriver/troubleshooting/errors#no-such-element-exception
Build info: version: &apos;4.16.0&apos;, revision: &apos;15400459dd*&apos;
System info: os.name: &apos;Windows 10&apos;, os.arch: &apos;amd64&apos;, os.version: &apos;10.0&apos;, java.version: &apos;16.0.2&apos;
Driver info: org.openqa.selenium.firefox.FirefoxDriver
Command: [f39e5f1b-ec85-4a7f-b7eb-b062f05c5b6b, findElement {using=link text, value=Qualifications}]
Capabilities {acceptInsecureCerts: true, browserName: firefox, browserVersion: 121.0.1, moz:accessibilityChecks: false, moz:buildID: 20240108143603, moz:debuggerAddress: 127.0.0.1:6105, moz:geckodriverVersion: 0.33.0, moz:headless: false, moz:platformVersion: 10.0, moz:processID: 14676, moz:profile: C:\Users\003QHS~1\AppData\L..., moz:shutdownTimeout: 60000, moz:webdriverClick: true, moz:windowless: false, pageLoadStrategy: normal, platformName: windows, proxy: Proxy(), se:cdp: ws://127.0.0.1:6105/devtool..., se:cdpVersion: 85.0, setWindowRect: true, strictFileInteractability: false, timeouts: {implicit: 0, pageLoad: 300000, script: 30000}, unhandledPromptBehavior: dismiss and notify}
Session ID: f39e5f1b-ec85-4a7f-b7eb-b062f05c5b6b
	at org.openqa.selenium.remote.codec.w3c.W3CHttpResponseCodec.createException(W3CHttpResponseCodec.java:200)
	at org.openqa.selenium.remote.codec.w3c.W3CHttpResponseCodec.decode(W3CHttpResponseCodec.java:133)
	at org.openqa.selenium.remote.codec.w3c.W3CHttpResponseCodec.decode(W3CHttpResponseCodec.java:52)
	at org.openqa.selenium.remote.HttpCommandExecutor.execute(HttpCommandExecutor.java:191)
	at org.openqa.selenium.remote.service.DriverCommandExecutor.invokeExecute(DriverCommandExecutor.java:200)
	at org.openqa.selenium.remote.service.DriverCommandExecutor.execute(DriverCommandExecutor.java:175)
	at org.openqa.selenium.remote.RemoteWebDriver.execute(RemoteWebDriver.java:523)
	at org.openqa.selenium.remote.ElementLocation$ElementFinder$2.findElement(ElementLocation.java:165)
	at org.openqa.selenium.remote.ElementLocation.findElement(ElementLocation.java:59)
	at org.openqa.selenium.remote.RemoteWebDriver.findElement(RemoteWebDriver.java:360)
	at org.openqa.selenium.remote.RemoteWebDriver.findElement(RemoteWebDriver.java:354)
	at SeleniumProject.SeleniumActivities_Activity7.addQualificaions(SeleniumActivities_Activity7.java:12)
	at java.base/java.util.ArrayList.forEach(ArrayList.java:1511)
	at com.intellij.rt.testng.IDEARemoteTestNG.run(IDEARemoteTestNG.java:65)
	at com.intellij.rt.testng.RemoteTestNGStarter.main(RemoteTestNGStarter.java:105)
... Removed 29 stack frames
</div> <!-- stack-trace -->
                </div> <!-- method-content -->
              </div> <!-- method -->
            </div> <!-- main-panel-content rounded-window-bottom -->
          </div> <!-- suite-SeleniumTestNGProject-class-failed -->
          <div class="suite-SeleniumTestNGProject-class-failed">
            <div class="main-panel-header rounded-window-top">
              <img src="failed.png"/>
              <span class="class-name">SeleniumProject.SeleniumActivities_Activity9</span>
            </div> <!-- main-panel-header rounded-window-top -->
            <div class="main-panel-content rounded-window-bottom">
              <div class="method">
                <div class="method-content">
                  <a name="retriveEmergencyContacts">
                  </a> <!-- retriveEmergencyContacts -->
                  <span class="method-name">retriveEmergencyContacts</span>
                  <div class="stack-trace">org.openqa.selenium.NoSuchElementException: Unable to locate element: #sidenav
For documentation on this error, please visit: https://www.selenium.dev/documentation/webdriver/troubleshooting/errors#no-such-element-exception
Build info: version: &apos;4.16.0&apos;, revision: &apos;15400459dd*&apos;
System info: os.name: &apos;Windows 10&apos;, os.arch: &apos;amd64&apos;, os.version: &apos;10.0&apos;, java.version: &apos;16.0.2&apos;
Driver info: org.openqa.selenium.firefox.FirefoxDriver
Command: [07a40fe7-6899-4cd8-8363-64ec6e539c16, findElement {using=id, value=sidenav}]
Capabilities {acceptInsecureCerts: true, browserName: firefox, browserVersion: 121.0.1, moz:accessibilityChecks: false, moz:buildID: 20240108143603, moz:debuggerAddress: 127.0.0.1:22459, moz:geckodriverVersion: 0.33.0, moz:headless: false, moz:platformVersion: 10.0, moz:processID: 18876, moz:profile: C:\Users\003QHS~1\AppData\L..., moz:shutdownTimeout: 60000, moz:webdriverClick: true, moz:windowless: false, pageLoadStrategy: normal, platformName: windows, proxy: Proxy(), se:cdp: ws://127.0.0.1:22459/devtoo..., se:cdpVersion: 85.0, setWindowRect: true, strictFileInteractability: false, timeouts: {implicit: 0, pageLoad: 300000, script: 30000}, unhandledPromptBehavior: dismiss and notify}
Session ID: 07a40fe7-6899-4cd8-8363-64ec6e539c16
	at org.openqa.selenium.remote.codec.w3c.W3CHttpResponseCodec.createException(W3CHttpResponseCodec.java:200)
	at org.openqa.selenium.remote.codec.w3c.W3CHttpResponseCodec.decode(W3CHttpResponseCodec.java:133)
	at org.openqa.selenium.remote.codec.w3c.W3CHttpResponseCodec.decode(W3CHttpResponseCodec.java:52)
	at org.openqa.selenium.remote.HttpCommandExecutor.execute(HttpCommandExecutor.java:191)
	at org.openqa.selenium.remote.service.DriverCommandExecutor.invokeExecute(DriverCommandExecutor.java:200)
	at org.openqa.selenium.remote.service.DriverCommandExecutor.execute(DriverCommandExecutor.java:175)
	at org.openqa.selenium.remote.RemoteWebDriver.execute(RemoteWebDriver.java:523)
	at org.openqa.selenium.remote.ElementLocation$ElementFinder$2.findElement(ElementLocation.java:165)
	at org.openqa.selenium.remote.ElementLocation.findElement(ElementLocation.java:59)
	at org.openqa.selenium.remote.RemoteWebDriver.findElement(RemoteWebDriver.java:360)
	at org.openqa.selenium.remote.RemoteWebDriver.findElement(RemoteWebDriver.java:354)
	at SeleniumProject.SeleniumActivities_Activity9.retriveEmergencyContacts(SeleniumActivities_Activity9.java:15)
	at java.base/java.util.ArrayList.forEach(ArrayList.java:1511)
	at com.intellij.rt.testng.IDEARemoteTestNG.run(IDEARemoteTestNG.java:65)
	at com.intellij.rt.testng.RemoteTestNGStarter.main(RemoteTestNGStarter.java:105)
... Removed 29 stack frames
</div> <!-- stack-trace -->
                </div> <!-- method-content -->
              </div> <!-- method -->
            </div> <!-- main-panel-content rounded-window-bottom -->
          </div> <!-- suite-SeleniumTestNGProject-class-failed -->
          <div class="suite-SeleniumTestNGProject-class-failed">
            <div class="main-panel-header rounded-window-top">
              <img src="failed.png"/>
              <span class="class-name">SeleniumProject.SeleniumActivities_Activity6</span>
            </div> <!-- main-panel-header rounded-window-top -->
            <div class="main-panel-content rounded-window-bottom">
              <div class="method">
                <div class="method-content">
                  <a name="verfydirectorymenu">
                  </a> <!-- verfydirectorymenu -->
                  <span class="method-name">verfydirectorymenu</span>
                  <div class="stack-trace">java.lang.AssertionError: expected [Search Directory] but found [Admin
PIM
Leave
Time
Recruitment
My Info
Performance
Dashboard
Directory
Maintenance]
	at SeleniumProject.SeleniumActivities_Activity6.verfydirectorymenu(SeleniumActivities_Activity6.java:18)
	at java.base/java.util.ArrayList.forEach(ArrayList.java:1511)
	at com.intellij.rt.testng.IDEARemoteTestNG.run(IDEARemoteTestNG.java:65)
	at com.intellij.rt.testng.RemoteTestNGStarter.main(RemoteTestNGStarter.java:105)
... Removed 30 stack frames
</div> <!-- stack-trace -->
                </div> <!-- method-content -->
              </div> <!-- method -->
            </div> <!-- main-panel-content rounded-window-bottom -->
          </div> <!-- suite-SeleniumTestNGProject-class-failed -->
          <div class="suite-SeleniumTestNGProject-class-passed">
            <div class="main-panel-header rounded-window-top">
              <img src="passed.png"/>
              <span class="class-name">SeleniumProject.SeleniumActivities_Activity8</span>
            </div> <!-- main-panel-header rounded-window-top -->
            <div class="main-panel-content rounded-window-bottom">
              <div class="method">
                <div class="method-content">
                  <a name="Loginandverifyhomepage">
                  </a> <!-- Loginandverifyhomepage -->
                  <span class="method-name">Loginandverifyhomepage</span>
                </div> <!-- method-content -->
              </div> <!-- method -->
              <div class="method">
                <div class="method-content">
                  <a name="applyingForLeave">
                  </a> <!-- applyingForLeave -->
                  <span class="method-name">applyingForLeave</span>
                </div> <!-- method-content -->
              </div> <!-- method -->
            </div> <!-- main-panel-content rounded-window-bottom -->
          </div> <!-- suite-SeleniumTestNGProject-class-passed -->
          <div class="suite-SeleniumTestNGProject-class-passed">
            <div class="main-panel-header rounded-window-top">
              <img src="passed.png"/>
              <span class="class-name">SeleniumProject.SeleniumActivities_Activity2</span>
            </div> <!-- main-panel-header rounded-window-top -->
            <div class="main-panel-content rounded-window-bottom">
              <div class="method">
                <div class="method-content">
                  <a name="urlOfHeaderImage">
                  </a> <!-- urlOfHeaderImage -->
                  <span class="method-name">urlOfHeaderImage</span>
                </div> <!-- method-content -->
              </div> <!-- method -->
            </div> <!-- main-panel-content rounded-window-bottom -->
          </div> <!-- suite-SeleniumTestNGProject-class-passed -->
          <div class="suite-SeleniumTestNGProject-class-passed">
            <div class="main-panel-header rounded-window-top">
              <img src="passed.png"/>
              <span class="class-name">SeleniumProject.SeleniumActivities_Activity5</span>
            </div> <!-- main-panel-header rounded-window-top -->
            <div class="main-panel-content rounded-window-bottom">
              <div class="method">
                <div class="method-content">
                  <a name="Loginandverifyhomepage">
                  </a> <!-- Loginandverifyhomepage -->
                  <span class="method-name">Loginandverifyhomepage</span>
                </div> <!-- method-content -->
              </div> <!-- method -->
            </div> <!-- main-panel-content rounded-window-bottom -->
          </div> <!-- suite-SeleniumTestNGProject-class-passed -->
          <div class="suite-SeleniumTestNGProject-class-passed">
            <div class="main-panel-header rounded-window-top">
              <img src="passed.png"/>
              <span class="class-name">SeleniumProject.SeleniumActivities_Activity7</span>
            </div> <!-- main-panel-header rounded-window-top -->
            <div class="main-panel-content rounded-window-bottom">
              <div class="method">
                <div class="method-content">
                  <a name="Loginandverifyhomepage">
                  </a> <!-- Loginandverifyhomepage -->
                  <span class="method-name">Loginandverifyhomepage</span>
                </div> <!-- method-content -->
              </div> <!-- method -->
            </div> <!-- main-panel-content rounded-window-bottom -->
          </div> <!-- suite-SeleniumTestNGProject-class-passed -->
          <div class="suite-SeleniumTestNGProject-class-passed">
            <div class="main-panel-header rounded-window-top">
              <img src="passed.png"/>
              <span class="class-name">SeleniumProject.SeleniumActivities_Activity4</span>
            </div> <!-- main-panel-header rounded-window-top -->
            <div class="main-panel-content rounded-window-bottom">
              <div class="method">
                <div class="method-content">
                  <a name="Loginandverifyhomepage">
                  </a> <!-- Loginandverifyhomepage -->
                  <span class="method-name">Loginandverifyhomepage</span>
                </div> <!-- method-content -->
              </div> <!-- method -->
              <div class="method">
                <div class="method-content">
                  <a name="addEmployee">
                  </a> <!-- addEmployee -->
                  <span class="method-name">addEmployee</span>
                </div> <!-- method-content -->
              </div> <!-- method -->
              <div class="method">
                <div class="method-content">
                  <a name="searchAddedEmployee">
                  </a> <!-- searchAddedEmployee -->
                  <span class="method-name">searchAddedEmployee</span>
                </div> <!-- method-content -->
              </div> <!-- method -->
            </div> <!-- main-panel-content rounded-window-bottom -->
          </div> <!-- suite-SeleniumTestNGProject-class-passed -->
          <div class="suite-SeleniumTestNGProject-class-passed">
            <div class="main-panel-header rounded-window-top">
              <img src="passed.png"/>
              <span class="class-name">SeleniumProject.SeleniumActivities_Activity3</span>
            </div> <!-- main-panel-header rounded-window-top -->
            <div class="main-panel-content rounded-window-bottom">
              <div class="method">
                <div class="method-content">
                  <a name="Loginandverifyhomepage">
                  </a> <!-- Loginandverifyhomepage -->
                  <span class="method-name">Loginandverifyhomepage</span>
                </div> <!-- method-content -->
              </div> <!-- method -->
            </div> <!-- main-panel-content rounded-window-bottom -->
          </div> <!-- suite-SeleniumTestNGProject-class-passed -->
          <div class="suite-SeleniumTestNGProject-class-passed">
            <div class="main-panel-header rounded-window-top">
              <img src="passed.png"/>
              <span class="class-name">SeleniumProject.SeleniumActivities_Activity9</span>
            </div> <!-- main-panel-header rounded-window-top -->
            <div class="main-panel-content rounded-window-bottom">
              <div class="method">
                <div class="method-content">
                  <a name="Loginandverifyhomepage">
                  </a> <!-- Loginandverifyhomepage -->
                  <span class="method-name">Loginandverifyhomepage</span>
                </div> <!-- method-content -->
              </div> <!-- method -->
            </div> <!-- main-panel-content rounded-window-bottom -->
          </div> <!-- suite-SeleniumTestNGProject-class-passed -->
          <div class="suite-SeleniumTestNGProject-class-passed">
            <div class="main-panel-header rounded-window-top">
              <img src="passed.png"/>
              <span class="class-name">SeleniumProject.SeleniumActivites_Activity1</span>
            </div> <!-- main-panel-header rounded-window-top -->
            <div class="main-panel-content rounded-window-bottom">
              <div class="method">
                <div class="method-content">
                  <a name="verifywebsitetitle">
                  </a> <!-- verifywebsitetitle -->
                  <span class="method-name">verifywebsitetitle</span>
                </div> <!-- method-content -->
              </div> <!-- method -->
            </div> <!-- main-panel-content rounded-window-bottom -->
          </div> <!-- suite-SeleniumTestNGProject-class-passed -->
          <div class="suite-SeleniumTestNGProject-class-passed">
            <div class="main-panel-header rounded-window-top">
              <img src="passed.png"/>
              <span class="class-name">SeleniumProject.SeleniumActivities_Activity6</span>
            </div> <!-- main-panel-header rounded-window-top -->
            <div class="main-panel-content rounded-window-bottom">
              <div class="method">
                <div class="method-content">
                  <a name="Loginandverifyhomepage">
                  </a> <!-- Loginandverifyhomepage -->
                  <span class="method-name">Loginandverifyhomepage</span>
                </div> <!-- method-content -->
              </div> <!-- method -->
            </div> <!-- main-panel-content rounded-window-bottom -->
          </div> <!-- suite-SeleniumTestNGProject-class-passed -->
        </div> <!-- panel SeleniumTestNGProject -->
        <div panel-name="test-xml-SeleniumTestNGProject" class="panel">
          <div class="main-panel-header rounded-window-top">
            <span class="header-content">C:\Users\003QHS744\IdeaProjects\FST_TestNG\src\test\java\testng.xml</span>
          </div> <!-- main-panel-header rounded-window-top -->
          <div class="main-panel-content rounded-window-bottom">
            <pre>
&lt;?xml version=&quot;1.0&quot; encoding=&quot;UTF-8&quot;?&gt;
&lt;!DOCTYPE suite SYSTEM &quot;https://testng.org/testng-1.0.dtd&quot;&gt;
&lt;suite name=&quot;SeleniumTestNGProject&quot; guice-stage=&quot;DEVELOPMENT&quot;&gt;
  &lt;test thread-count=&quot;5&quot; name=&quot;testngTest&quot;&gt;
    &lt;classes&gt;
      &lt;class name=&quot;SeleniumProject.SeleniumActivites_Activity1&quot;/&gt;
      &lt;class name=&quot;SeleniumProject.SeleniumActivities_Activity2&quot;/&gt;
      &lt;class name=&quot;SeleniumProject.SeleniumActivities_Activity3&quot;/&gt;
      &lt;class name=&quot;SeleniumProject.SeleniumActivities_Activity4&quot;/&gt;
      &lt;class name=&quot;SeleniumProject.SeleniumActivities_Activity5&quot;/&gt;
      &lt;class name=&quot;SeleniumProject.SeleniumActivities_Activity6&quot;/&gt;
      &lt;class name=&quot;SeleniumProject.SeleniumActivities_Activity7&quot;/&gt;
      &lt;class name=&quot;SeleniumProject.SeleniumActivities_Activity8&quot;/&gt;
      &lt;class name=&quot;SeleniumProject.SeleniumActivities_Activity9&quot;/&gt;
    &lt;/classes&gt;
  &lt;/test&gt; &lt;!-- testngTest --&gt;
&lt;/suite&gt; &lt;!-- SeleniumTestNGProject --&gt;
            </pre>
          </div> <!-- main-panel-content rounded-window-bottom -->
        </div> <!-- panel -->
        <div panel-name="testlist-SeleniumTestNGProject" class="panel">
          <div class="main-panel-header rounded-window-top">
            <span class="header-content">Tests for SeleniumTestNGProject</span>
          </div> <!-- main-panel-header rounded-window-top -->
          <div class="main-panel-content rounded-window-bottom">
            <ul>
              <li>
                <span class="test-name">testngTest (9 classes)</span>
              </li>
            </ul>
          </div> <!-- main-panel-content rounded-window-bottom -->
        </div> <!-- panel -->
        <div panel-name="group-SeleniumTestNGProject" class="panel">
          <div class="main-panel-header rounded-window-top">
            <span class="header-content">Groups for SeleniumTestNGProject</span>
          </div> <!-- main-panel-header rounded-window-top -->
          <div class="main-panel-content rounded-window-bottom">
          </div> <!-- main-panel-content rounded-window-bottom -->
        </div> <!-- panel -->
        <div panel-name="times-SeleniumTestNGProject" class="panel">
          <div class="main-panel-header rounded-window-top">
            <span class="header-content">Times for SeleniumTestNGProject</span>
          </div> <!-- main-panel-header rounded-window-top -->
          <div class="main-panel-content rounded-window-bottom">
            <div class="times-div">
              <script type="text/javascript">
suiteTableInitFunctions.push('tableData_SeleniumTestNGProject');
function tableData_SeleniumTestNGProject() {
var data = new google.visualization.DataTable();
data.addColumn('number', 'Number');
data.addColumn('string', 'Method');
data.addColumn('string', 'Class');
data.addColumn('number', 'Time (ms)');
data.addRows(17);
data.setCell(0, 0, 0)
data.setCell(0, 1, 'addEmployee')
data.setCell(0, 2, 'SeleniumProject.SeleniumActivities_Activity4')
data.setCell(0, 3, 3184);
data.setCell(1, 0, 1)
data.setCell(1, 1, 'applyingForLeave')
data.setCell(1, 2, 'SeleniumProject.SeleniumActivities_Activity8')
data.setCell(1, 3, 1963);
data.setCell(2, 0, 2)
data.setCell(2, 1, 'Loginandverifyhomepage')
data.setCell(2, 2, 'SeleniumProject.SeleniumActivities_Activity3')
data.setCell(2, 3, 962);
data.setCell(3, 0, 3)
data.setCell(3, 1, 'searchAddedEmployee')
data.setCell(3, 2, 'SeleniumProject.SeleniumActivities_Activity4')
data.setCell(3, 3, 957);
data.setCell(4, 0, 4)
data.setCell(4, 1, 'Loginandverifyhomepage')
data.setCell(4, 2, 'SeleniumProject.SeleniumActivities_Activity8')
data.setCell(4, 3, 950);
data.setCell(5, 0, 5)
data.setCell(5, 1, 'Loginandverifyhomepage')
data.setCell(5, 2, 'SeleniumProject.SeleniumActivities_Activity4')
data.setCell(5, 3, 932);
data.setCell(6, 0, 6)
data.setCell(6, 1, 'Loginandverifyhomepage')
data.setCell(6, 2, 'SeleniumProject.SeleniumActivities_Activity7')
data.setCell(6, 3, 921);
data.setCell(7, 0, 7)
data.setCell(7, 1, 'verfydirectorymenu')
data.setCell(7, 2, 'SeleniumProject.SeleniumActivities_Activity6')
data.setCell(7, 3, 911);
data.setCell(8, 0, 8)
data.setCell(8, 1, 'Loginandverifyhomepage')
data.setCell(8, 2, 'SeleniumProject.SeleniumActivities_Activity6')
data.setCell(8, 3, 890);
data.setCell(9, 0, 9)
data.setCell(9, 1, 'Loginandverifyhomepage')
data.setCell(9, 2, 'SeleniumProject.SeleniumActivities_Activity9')
data.setCell(9, 3, 887);
data.setCell(10, 0, 10)
data.setCell(10, 1, 'Loginandverifyhomepage')
data.setCell(10, 2, 'SeleniumProject.SeleniumActivities_Activity5')
data.setCell(10, 3, 879);
data.setCell(11, 0, 11)
data.setCell(11, 1, 'addQualificaions')
data.setCell(11, 2, 'SeleniumProject.SeleniumActivities_Activity7')
data.setCell(11, 3, 823);
data.setCell(12, 0, 12)
data.setCell(12, 1, 'retriveEmergencyContacts')
data.setCell(12, 2, 'SeleniumProject.SeleniumActivities_Activity9')
data.setCell(12, 3, 794);
data.setCell(13, 0, 13)
data.setCell(13, 1, 'editUserInfor')
data.setCell(13, 2, 'SeleniumProject.SeleniumActivities_Activity5')
data.setCell(13, 3, 789);
data.setCell(14, 0, 14)
data.setCell(14, 1, 'checkLeaveStatus')
data.setCell(14, 2, 'SeleniumProject.SeleniumActivities_Activity8')
data.setCell(14, 3, 325);
data.setCell(15, 0, 15)
data.setCell(15, 1, 'urlOfHeaderImage')
data.setCell(15, 2, 'SeleniumProject.SeleniumActivities_Activity2')
data.setCell(15, 3, 50);
data.setCell(16, 0, 16)
data.setCell(16, 1, 'verifywebsitetitle')
data.setCell(16, 2, 'SeleniumProject.SeleniumActivites_Activity1')
data.setCell(16, 3, 23);
window.suiteTableData['SeleniumTestNGProject']= { tableData: data, tableDiv: 'times-div-SeleniumTestNGProject'}
return data;
}
              </script>
              <span class="suite-total-time">Total running time: 16 seconds</span>
              <div id="times-div-SeleniumTestNGProject">
              </div> <!-- times-div-SeleniumTestNGProject -->
            </div> <!-- times-div -->
          </div> <!-- main-panel-content rounded-window-bottom -->
        </div> <!-- panel -->
        <div panel-name="reporter-SeleniumTestNGProject" class="panel">
          <div class="main-panel-header rounded-window-top">
            <span class="header-content">Reporter output for SeleniumTestNGProject</span>
          </div> <!-- main-panel-header rounded-window-top -->
          <div class="main-panel-content rounded-window-bottom">
          </div> <!-- main-panel-content rounded-window-bottom -->
        </div> <!-- panel -->
        <div panel-name="ignored-methods-SeleniumTestNGProject" class="panel">
          <div class="main-panel-header rounded-window-top">
            <span class="header-content">0 ignored methods</span>
          </div> <!-- main-panel-header rounded-window-top -->
          <div class="main-panel-content rounded-window-bottom">
          </div> <!-- main-panel-content rounded-window-bottom -->
        </div> <!-- panel -->
        <div panel-name="chronological-SeleniumTestNGProject" class="panel">
          <div class="main-panel-header rounded-window-top">
            <span class="header-content">Methods in chronological order</span>
          </div> <!-- main-panel-header rounded-window-top -->
          <div class="main-panel-content rounded-window-bottom">
            <div class="chronological-class">
              <div class="chronological-class-name">SeleniumProject.SeleniumActivites_Activity1</div> <!-- chronological-class-name -->
              <div class="configuration-class before">
                <span class="method-name">setup</span>
                <span class="method-start">0 ms</span>
              </div> <!-- configuration-class before -->
              <div class="test-method">
                <span class="method-name">verifywebsitetitle</span>
                <span class="method-start">11370 ms</span>
              </div> <!-- test-method -->
              <div class="configuration-class after">
                <span class="method-name">closebrowser</span>
                <span class="method-start">11397 ms</span>
              </div> <!-- configuration-class after -->
            </div> <!-- chronological-class -->
            <div class="chronological-class">
              <div class="chronological-class-name">SeleniumProject.SeleniumActivities_Activity2</div> <!-- chronological-class-name -->
              <div class="configuration-class before">
                <span class="method-name">setup</span>
                <span class="method-start">12467 ms</span>
              </div> <!-- configuration-class before -->
              <div class="test-method">
                <span class="method-name">urlOfHeaderImage</span>
                <span class="method-start">15326 ms</span>
              </div> <!-- test-method -->
              <div class="configuration-class after">
                <span class="method-name">closebrowser</span>
                <span class="method-start">15376 ms</span>
              </div> <!-- configuration-class after -->
            </div> <!-- chronological-class -->
            <div class="chronological-class">
              <div class="chronological-class-name">SeleniumProject.SeleniumActivities_Activity3</div> <!-- chronological-class-name -->
              <div class="configuration-class before">
                <span class="method-name">setup</span>
                <span class="method-start">16138 ms</span>
              </div> <!-- configuration-class before -->
              <div class="test-method">
                <span class="method-name">Loginandverifyhomepage</span>
                <span class="method-start">19156 ms</span>
              </div> <!-- test-method -->
              <div class="configuration-class after">
                <span class="method-name">closebrowser</span>
                <span class="method-start">20118 ms</span>
              </div> <!-- configuration-class after -->
            </div> <!-- chronological-class -->
            <div class="chronological-class">
              <div class="chronological-class-name">SeleniumProject.SeleniumActivities_Activity4</div> <!-- chronological-class-name -->
              <div class="configuration-class before">
                <span class="method-name">setup</span>
                <span class="method-start">21089 ms</span>
              </div> <!-- configuration-class before -->
              <div class="test-method">
                <span class="method-name">Loginandverifyhomepage</span>
                <span class="method-start">24139 ms</span>
              </div> <!-- test-method -->
              <div class="test-method">
                <span class="method-name">addEmployee</span>
                <span class="method-start">25072 ms</span>
              </div> <!-- test-method -->
              <div class="test-method">
                <span class="method-name">searchAddedEmployee</span>
                <span class="method-start">28256 ms</span>
              </div> <!-- test-method -->
              <div class="configuration-class after">
                <span class="method-name">closebrowser</span>
                <span class="method-start">29214 ms</span>
              </div> <!-- configuration-class after -->
            </div> <!-- chronological-class -->
            <div class="chronological-class">
              <div class="chronological-class-name">SeleniumProject.SeleniumActivities_Activity5</div> <!-- chronological-class-name -->
              <div class="configuration-class before">
                <span class="method-name">setup</span>
                <span class="method-start">30070 ms</span>
              </div> <!-- configuration-class before -->
              <div class="test-method">
                <span class="method-name">Loginandverifyhomepage</span>
                <span class="method-start">33207 ms</span>
              </div> <!-- test-method -->
              <div class="test-method">
                <img src="failed.png">
                </img>
                <span class="method-name">editUserInfor</span>
                <span class="method-start">34086 ms</span>
              </div> <!-- test-method -->
              <div class="configuration-class after">
                <span class="method-name">closebrowser</span>
                <span class="method-start">34881 ms</span>
              </div> <!-- configuration-class after -->
            </div> <!-- chronological-class -->
            <div class="chronological-class">
              <div class="chronological-class-name">SeleniumProject.SeleniumActivities_Activity6</div> <!-- chronological-class-name -->
              <div class="configuration-class before">
                <span class="method-name">setup</span>
                <span class="method-start">35692 ms</span>
              </div> <!-- configuration-class before -->
              <div class="test-method">
                <span class="method-name">Loginandverifyhomepage</span>
                <span class="method-start">38987 ms</span>
              </div> <!-- test-method -->
              <div class="test-method">
                <img src="failed.png">
                </img>
                <span class="method-name">verfydirectorymenu</span>
                <span class="method-start">39877 ms</span>
              </div> <!-- test-method -->
              <div class="configuration-class after">
                <span class="method-name">closebrowser</span>
                <span class="method-start">40789 ms</span>
              </div> <!-- configuration-class after -->
            </div> <!-- chronological-class -->
            <div class="chronological-class">
              <div class="chronological-class-name">SeleniumProject.SeleniumActivities_Activity7</div> <!-- chronological-class-name -->
              <div class="configuration-class before">
                <span class="method-name">setup</span>
                <span class="method-start">41625 ms</span>
              </div> <!-- configuration-class before -->
              <div class="test-method">
                <span class="method-name">Loginandverifyhomepage</span>
                <span class="method-start">44436 ms</span>
              </div> <!-- test-method -->
              <div class="test-method">
                <img src="failed.png">
                </img>
                <span class="method-name">addQualificaions</span>
                <span class="method-start">45358 ms</span>
              </div> <!-- test-method -->
              <div class="configuration-class after">
                <span class="method-name">closebrowser</span>
                <span class="method-start">46184 ms</span>
              </div> <!-- configuration-class after -->
            </div> <!-- chronological-class -->
            <div class="chronological-class">
              <div class="chronological-class-name">SeleniumProject.SeleniumActivities_Activity8</div> <!-- chronological-class-name -->
              <div class="configuration-class before">
                <span class="method-name">setup</span>
                <span class="method-start">47034 ms</span>
              </div> <!-- configuration-class before -->
              <div class="test-method">
                <span class="method-name">Loginandverifyhomepage</span>
                <span class="method-start">49897 ms</span>
              </div> <!-- test-method -->
              <div class="test-method">
                <span class="method-name">applyingForLeave</span>
                <span class="method-start">50847 ms</span>
              </div> <!-- test-method -->
              <div class="test-method">
                <img src="failed.png">
                </img>
                <span class="method-name">checkLeaveStatus</span>
                <span class="method-start">52810 ms</span>
              </div> <!-- test-method -->
              <div class="configuration-class after">
                <span class="method-name">closebrowser</span>
                <span class="method-start">53135 ms</span>
              </div> <!-- configuration-class after -->
            </div> <!-- chronological-class -->
            <div class="chronological-class">
              <div class="chronological-class-name">SeleniumProject.SeleniumActivities_Activity9</div> <!-- chronological-class-name -->
              <div class="configuration-class before">
                <span class="method-name">setup</span>
                <span class="method-start">53944 ms</span>
              </div> <!-- configuration-class before -->
              <div class="test-method">
                <span class="method-name">Loginandverifyhomepage</span>
                <span class="method-start">56838 ms</span>
              </div> <!-- test-method -->
              <div class="test-method">
                <img src="failed.png">
                </img>
                <span class="method-name">retriveEmergencyContacts</span>
                <span class="method-start">57726 ms</span>
              </div> <!-- test-method -->
              <div class="configuration-class after">
                <span class="method-name">closebrowser</span>
                <span class="method-start">58522 ms</span>
              </div> <!-- configuration-class after -->
          </div> <!-- main-panel-content rounded-window-bottom -->
        </div> <!-- panel -->
      </div> <!-- main-panel-root -->
    </div> <!-- wrapper -->
  </body>
<script type="text/javascript" src="testng-reports2.js"></script>
</html>
